<?xml version="1.0" encoding="UTF-8"?>
<testng-results ignored="0" total="2" passed="2" failed="0" skipped="0">
  <reporter-output>
  </reporter-output>
  <suite started-at="2024-07-30T12:45:52 IST" name="Default suite" finished-at="2024-07-30T12:46:05 IST" duration-ms="13308">
    <groups>
    </groups>
    <test started-at="2024-07-30T12:45:52 IST" name="Default test" finished-at="2024-07-30T12:46:05 IST" duration-ms="13308">
      <class name="TestScripts.Example_ExtendReports">
        <test-method signature="testcase01()[pri:0, instance:TestScripts.Example_ExtendReports@73e22a3d]" started-at="2024-07-30T12:45:52 IST" name="testcase01" finished-at="2024-07-30T12:45:59 IST" duration-ms="7264" status="PASS">
          <reporter-output>
          </reporter-output>
        </test-method> <!-- testcase01 -->
        <test-method signature="testcase02()[pri:2, instance:TestScripts.Example_ExtendReports@73e22a3d]" started-at="2024-07-30T12:45:59 IST" name="testcase02" finished-at="2024-07-30T12:46:05 IST" duration-ms="5964" status="PASS">
          <reporter-output>
          </reporter-output>
        </test-method> <!-- testcase02 -->
      </class> <!-- TestScripts.Example_ExtendReports -->
    </test> <!-- Default test -->
  </suite> <!-- Default suite -->
</testng-results>
